'''{"update_id":606011928,
"message":{"message_id":5,"from":{"id":1087968824,"is_bot":true,"first_name":"Group","username":"GroupAnonymousBot"},"sender_chat":{"id":-1001421051123,"title":"Is Programmer","username":"isProgrammer1","type":"supergroup"},"chat":{"id":-1001421051123,"title":"Is Programmer","username":"isProgrammer1","type":"supergroup"},"date":1606900211,"text":"\\u041f\\u0430\\u0440\\u0430\\u043c \\u043f\\u0430\\u043c \\u043f\\u0430\\u043c"}}'
'{"update_id":606011929,
"message":{"message_id":6,"from":{"id":1087968824,"is_bot":true,"first_name":"Group","username":"GroupAnonymousBot"},"sender_chat":{"id":-1001421051123,"title":"Is Programmer","username":"isProgrammer1","type":"supergroup"},"chat":{"id":-1001421051123,"title":"Is Programmer","username":"isProgrammer1","type":"supergroup"},"date":1606900533,"text":"Hello word!"}}'
'{"update_id":606011930,
"message":{"message_id":143,"from":{"id":500537532,"is_bot":false,"first_name":"\\u0415\\u0432\\u0433\\u0435\\u043d\\u0438\\u0439","username":"northmule","language_code":"ru"},"chat":{"id":-277301589,"title":"IT B2","type":"group","all_members_are_administrators":true},"date":1606900606,"new_chat_participant":{"id":828472701,"is_bot":true,"first_name":"\\u0410\\u043d\\u0442\\u0438\\u0441\\u043f\\u0430\\u043c\\u0411\\u043e\\u0442","username":"akismetBot"},"new_chat_member":{"id":828472701,"is_bot":true,"first_name":"\\u0410\\u043d\\u0442\\u0438\\u0441\\u043f\\u0430\\u043c\\u0411\\u043e\\u0442","username":"akismetBot"},"new_chat_members":[{"id":828472701,"is_bot":true,"first_name":"\\u0410\\u043d\\u0442\\u0438\\u0441\\u043f\\u0430\\u043c\\u0411\\u043e\\u0442","username":"akismetBot"}]}}'
'{"update_id":606011931,
"message":{"message_id":144,"from":{"id":3831914,"is_bot":false,"first_name":"\\u00a9\\ufe0f\\u0410\\u043b\\u0435\\u043a\\u0441\\u0430\\u043d\\u0434\\u0440","last_name":"\\u041a\\u0430\\u043b\\u0438\\u043d\\u0438\\u043d","username":"DarkAdmin"},"chat":{"id":-277301589,"title":"IT B2","type":"group","all_members_are_administrators":true},"date":1606900609,"text":"\\u0410 \\u043f\\u043e\\u0442\\u043e\\u043c \\u043c\\u044b \\u0442\\u0435\\u0431\\u0435 \\u0432\\u043d\\u0435\\u0434\\u0440\\u0438\\u043c \\u0431\\u043e\\u0442\\u0430"}}'
'{"update_id":606011932,
"message":{"message_id":145,"from":{"id":500537532,"is_bot":false,"first_name":"\\u0415\\u0432\\u0433\\u0435\\u043d\\u0438\\u0439","username":"northmule","language_code":"ru"},"chat":{"id":-277301589,"title":"IT B2","type":"group","all_members_are_administrators":true},"date":1606900611,"text":"\\u041d\\u044d \\u043d\\u0430\\u0434\\u043e"}}'
'{"update_id":606011933,
"message":{"message_id":146,"from":{"id":3831914,"is_bot":false,"first_name":"\\u00a9\\ufe0f\\u0410\\u043b\\u0435\\u043a\\u0441\\u0430\\u043d\\u0434\\u0440","last_name":"\\u041a\\u0430\\u043b\\u0438\\u043d\\u0438\\u043d","username":"DarkAdmin"},"chat":{"id":-277301589,"title":"IT B2","type":"group","all_members_are_administrators":true},"date":1606900611,"text":"\\u0410 \\u0430\\u043d\\u0443\\u0441"}}'
'{"update_id":606011934,
"message":{"message_id":147,"from":{"id":500537532,"is_bot":false,"first_name":"\\u0415\\u0432\\u0433\\u0435\\u043d\\u0438\\u0439","username":"northmule","language_code":"ru"},"chat":{"id":-277301589,"title":"IT B2","type":"group","all_members_are_administrators":true},"date":1606900625,"text":"\\u0414\\u0430\\u0432\\u0430\\u0439 \\u043a\\u0430\\u043a\\u043e\\u0439 \\u043d\\u0438\\u0431\\u0443\\u0434\\u044c \\u043c\\u0435\\u043c\\u0430\\u0441\\u0438\\u043a?"}}'
'{"update_id":606011935,
"message":{"message_id":148,"from":{"id":3831914,"is_bot":false,"first_name":"\\u00a9\\ufe0f\\u0410\\u043b\\u0435\\u043a\\u0441\\u0430\\u043d\\u0434\\u0440","last_name":"\\u041a\\u0430\\u043b\\u0438\\u043d\\u0438\\u043d","username":"DarkAdmin"},"chat":{"id":-277301589,"title":"IT B2","type":"group","all_members_are_administrators":true},"date":1606900629,"text":"@akismetBot \\u0438\\u0434\\u0438 \\u043d\\u0430\\u0445\\u0443\\u0439","entities":[{"offset":0,"length":11,"type":"mention"}]}}'
'{"update_id":606011936,
"message":{"message_id":149,"from":{"id":500537532,"is_bot":false,"first_name":"\\u0415\\u0432\\u0433\\u0435\\u043d\\u0438\\u0439","username":"northmule","language_code":"ru"},"chat":{"id":-277301589,"title":"IT B2","type":"group","all_members_are_administrators":true},"date":1606900656,"sticker":{"width":512,"height":512,"emoji":"\\ud83d\\udc4b","set_name":"EasterBear","is_animated":false,"thumb":{"file_id":"AAMCAgADGQEAA5Vfx1uw9surb4-nIrhb-nLeQHFEhQACcwIAApzW5wpOYv5JMRr6leAnSw0ABAEAB20AA3LwAQABHgQ","file_unique_id":"AQAD4CdLDQAEcvABAAE","file_size":6096,"width":128,"height":128},"file_id":"CAACAgIAAxkBAAOVX8dbsPbLq2-PpyK4W_py3kBxRIUAAnMCAAKc1ucKTmL-STEa-pUeBA","file_unique_id":"AgADcwIAApzW5wo","file_size":41856}}}'
'{"update_id":606011937,
"message":{"message_id":150,"from":{"id":3831914,"is_bot":false,"first_name":"\\u00a9\\ufe0f\\u0410\\u043b\\u0435\\u043a\\u0441\\u0430\\u043d\\u0434\\u0440","last_name":"\\u041a\\u0430\\u043b\\u0438\\u043d\\u0438\\u043d","username":"DarkAdmin"},"chat":{"id":-277301589,"title":"IT B2","type":"group","all_members_are_administrators":true},"date":1606900662,"animation":{"file_name":"1466596776140168217.gif.mp4","mime_type":"video/mp4","duration":10,"width":263,"height":263,"thumb":{"file_id":"AAMCAgADGQEAA5Zfx1u2CqSSxRlhvYBn408C5w5xggACLAADang6AAFln4GIVqtWs4guSA0ABAEAB3MAAxhOAQABHgQ","file_unique_id":"AQADiC5IDQAEGE4BAAE","file_size":3853,"width":90,"height":90},"file_id":"CgACAgIAAxkBAAOWX8dbtgqkksUZYb2AZ-NPAucOcYIAAiwAA2p4OgABZZ-BiFarVrMeBA","file_unique_id":"AgADLAADang6AAE","file_size":620338},"document":{"file_name":"1466596776140168217.gif.mp4","mime_type":"video/mp4","thumb":{"file_id":"AAMCAgADGQEAA5Zfx1u2CqSSxRlhvYBn408C5w5xggACLAADang6AAFln4GIVqtWs4guSA0ABAEAB3MAAxhOAQABHgQ","file_unique_id":"AQADiC5IDQAEGE4BAAE","file_size":3853,"width":90,"height":90},"file_id":"CgACAgIAAxkBAAOWX8dbtgqkksUZYb2AZ-NPAucOcYIAAiwAA2p4OgABZZ-BiFarVrMeBA","file_unique_id":"AgADLAADang6AAE","file_size":620338}}}'
'{"update_id":606011938,
"message":{"message_id":151,"from":{"id":500537532,"is_bot":false,"first_name":"\\u0415\\u0432\\u0433\\u0435\\u043d\\u0438\\u0439","username":"northmule","language_code":"ru"},"chat":{"id":-277301589,"title":"IT B2","type":"group","all_members_are_administrators":true},"date":1606900668,"text":"\\u041e\\u0433\\u043e\\u043d\\u044c!))"}}'
'{"update_id":606011939,
"message":{"message_id":152,"from":{"id":327632564,"is_bot":false,"first_name":"\\u0410\\u043b\\u0435\\u043a\\u0441\\u0430\\u043d\\u0434\\u0440"},"chat":{"id":-277301589,"title":"IT B2","type":"group","all_members_are_administrators":true},"date":1606900696,"text":"\\u0444\\u0443"}}'
'{"update_id":606011940,
"message":{"message_id":153,"from":{"id":3831914,"is_bot":false,"first_name":"\\u00a9\\ufe0f\\u0410\\u043b\\u0435\\u043a\\u0441\\u0430\\u043d\\u0434\\u0440","last_name":"\\u041a\\u0430\\u043b\\u0438\\u043d\\u0438\\u043d","username":"DarkAdmin"},"chat":{"id":-277301589,"title":"IT B2","type":"group","all_members_are_administrators":true},"date":1606900700,"text":"\\u041a\\u043e\\u0442 \\u0442\\u0435\\u043f\\u0435\\u0440\\u044c \\u0434\\u044b\\u0440\\u044f\\u0432\\u044b\\u0439, \\u043a\\u0430\\u043a\\u043e\\u0439 \\u043e\\u0433\\u043e\\u043d\\u044c \\u043d\\u0430\\u0445\\u0443\\u0439"}}'
'{"update_id":606011941,
"message":{"message_id":154,"from":{"id":327632564,"is_bot":false,"first_name":"\\u0410\\u043b\\u0435\\u043a\\u0441\\u0430\\u043d\\u0434\\u0440"},"chat":{"id":-277301589,"title":"IT B2","type":"group","all_members_are_administrators":true},"date":1606900732,"text":"\\u0435\\u0433\\u043e \\u043a\\u0440\\u043e\\u043b\\u0438\\u043a \\u043e\\u0442\\u043e\\u0434\\u0440\\u0430\\u043b?"}}'
'{"update_id":606011942,
"message":{"message_id":155,"from":{"id":500537532,"is_bot":false,"first_name":"\\u0415\\u0432\\u0433\\u0435\\u043d\\u0438\\u0439","username":"northmule","language_code":"ru"},"chat":{"id":-277301589,"title":"IT B2","type":"group","all_members_are_administrators":true},"date":1606900755,"left_chat_participant":{"id":828472701,"is_bot":true,"first_name":"\\u0410\\u043d\\u0442\\u0438\\u0441\\u043f\\u0430\\u043c\\u0411\\u043e\\u0442","username":"akismetBot"},"left_chat_member":{"id":828472701,"is_bot":true,"first_name":"\\u0410\\u043d\\u0442\\u0438\\u0441\\u043f\\u0430\\u043c\\u0411\\u043e\\u0442","username":"akismetBot"}}}'
'{"update_id":606011943,
"message":{"message_id":7,"from":{"id":819685182,"is_bot":false,"first_name":"\\u0416\\u0430\\u043d\\u043d\\u0430"},"chat":{"id":-1001421051123,"title":"Is Programmer","username":"isProgrammer1","type":"supergroup"},"date":1606910194,"new_chat_participant":{"id":819685182,"is_bot":false,"first_name":"\\u0416\\u0430\\u043d\\u043d\\u0430"},"new_chat_member":{"id":819685182,"is_bot":false,"first_name":"\\u0416\\u0430\\u043d\\u043d\\u0430"},"new_chat_members":[{"id":819685182,"is_bot":false,"first_name":"\\u0416\\u0430\\u043d\\u043d\\u0430"}]}}'
'{"update_id":606011944,
"message":{"message_id":8,"from":{"id":819685182,"is_bot":false,"first_name":"\\u0416\\u0430\\u043d\\u043d\\u0430"},"chat":{"id":-1001421051123,"title":"Is Programmer","username":"isProgrammer1","type":"supergroup"},"date":1606910221,"left_chat_participant":{"id":819685182,"is_bot":false,"first_name":"\\u0416\\u0430\\u043d\\u043d\\u0430"},"left_chat_member":{"id":819685182,"is_bot":false,"first_name":"\\u0416\\u0430\\u043d\\u043d\\u0430"}}}'
