array (
  '_ym_uid' => '1584449554499772679',
  '_ym_d' => '1600873010',
  'beget' => 'begetok',
  'wp-settings-1' => 'libraryContent=browse&hidetb=0&posts_list_mode=list&editor=tinymce&siteorigin_panels_setting_tab=general&siteorigin_settings_tab=4&mfold=o&advImgDetails=show&widgets_access=off&imgsize=full',
  'wp-settings-time-1' => '1606056458',
  'wordpress_test_cookie' => 'WP Cookie check',
  'tk_ai' => 'woo:i+oCoH7ZjaWWJD9QJmirb1ba',
)array (
)
array (
)
array (
)
array (
)
array (
)
array (
)
array (
)
array (
)
array (
)
array (
)
array (
)
array (
)
array (
)
array (
)
array (
)
array (
)
array (
)
