2020-12-04T11:52:32+00:00 INFO (6): Telegram данные:
2020-12-04T12:01:38+00:00 INFO (6): Telegram данные: {
  "update_id": 606011966,
  "callback_query": {
    "id": "2149792331123829252",
    "from": {
      "id": 500537532,
      "is_bot": false,
      "first_name": "Евгений",
      "username": "northmule",
      "language_code": "ru"
    },
    "message": {
      "message_id": 36,
      "from": {
        "id": 828472701,
        "is_bot": true,
        "first_name": "АнтиспамБот",
        "username": "akismetBot"
      },
      "chat": {
        "id": -1001421051123,
        "title": "Is Programmer",
        "username": "isProgrammer1",
        "type": "supergroup"
      },
      "date": 1606920816,
      "text": "Привет! Жанна! Скажи, кто ты?",
      "reply_markup": {
        "inline_keyboard": [
          [
            {
              "text": "Я бот!",
              "callback_data": "callback_answer_bot"
            },
            {
              "text": "Я человек!",
              "callback_data": "callback_answer_human"
            }
          ]
        ]
      }
    },
    "chat_instance": "-4985393030296315132",
    "data": "callback_answer_human500537532"
  }
}
2020-12-04T12:01:51+00:00 INFO (6): Telegram данные: {
  "update_id": 606011966,
  "callback_query": {
    "id": "2149792331123829252",
    "from": {
      "id": 500537532,
      "is_bot": false,
      "first_name": "Евгений",
      "username": "northmule",
      "language_code": "ru"
    },
    "message": {
      "message_id": 36,
      "from": {
        "id": 828472701,
        "is_bot": true,
        "first_name": "АнтиспамБот",
        "username": "akismetBot"
      },
      "chat": {
        "id": -1001421051123,
        "title": "Is Programmer",
        "username": "isProgrammer1",
        "type": "supergroup"
      },
      "date": 1606920816,
      "text": "Привет! Жанна! Скажи, кто ты?",
      "reply_markup": {
        "inline_keyboard": [
          [
            {
              "text": "Я бот!",
              "callback_data": "callback_answer_bot"
            },
            {
              "text": "Я человек!",
              "callback_data": "callback_answer_human"
            }
          ]
        ]
      }
    },
    "chat_instance": "-4985393030296315132",
    "data": "callback_answer_human500537532"
  }
}
2020-12-04T12:18:04+00:00 INFO (6): Telegram данные:
2020-12-04T12:20:57+00:00 INFO (6): Telegram данные: {
  "update_id": 606011966,
  "callback_query": {
    "id": "2149792331123829252",
    "from": {
      "id": 500537532,
      "is_bot": false,
      "first_name": "Евгений",
      "username": "northmule",
      "language_code": "ru"
    },
    "message": {
      "message_id": 36,
      "from": {
        "id": 828472701,
        "is_bot": true,
        "first_name": "АнтиспамБот",
        "username": "akismetBot"
      },
      "chat": {
        "id": -1001421051123,
        "title": "Is Programmer",
        "username": "isProgrammer1",
        "type": "supergroup"
      },
      "date": 1606920816,
      "text": "Привет! Жанна! Скажи, кто ты?",
      "reply_markup": {
        "inline_keyboard": [
          [
            {
              "text": "Я бот!",
              "callback_data": "callback_answer_bot"
            },
            {
              "text": "Я человек!",
              "callback_data": "callback_answer_human"
            }
          ]
        ]
      }
    },
    "chat_instance": "-4985393030296315132",
    "data": "callback_answer_human500537532"
  }
}
2020-12-04T13:02:02+00:00 INFO (6): Telegram данные: {
  "update_id": 606011966,
  "callback_query": {
    "id": "2149792331123829252",
    "from": {
      "id": 500537532,
      "is_bot": false,
      "first_name": "Евгений",
      "username": "northmule",
      "language_code": "ru"
    },
    "message": {
      "message_id": 36,
      "from": {
        "id": 828472701,
        "is_bot": true,
        "first_name": "АнтиспамБот",
        "username": "akismetBot"
      },
      "chat": {
        "id": -1001421051123,
        "title": "Is Programmer",
        "username": "isProgrammer1",
        "type": "supergroup"
      },
      "date": 1606920816,
      "text": "Привет! Жанна! Скажи, кто ты?",
      "reply_markup": {
        "inline_keyboard": [
          [
            {
              "text": "Я бот!",
              "callback_data": "callback_answer_bot"
            },
            {
              "text": "Я человек!",
              "callback_data": "callback_answer_human"
            }
          ]
        ]
      }
    },
    "chat_instance": "-4985393030296315132",
    "data": "callback_answer_human500537532"
  }
}
2020-12-04T13:02:17+00:00 INFO (6): Telegram данные: {
  "update_id": 606011966,
  "callback_query": {
    "id": "2149792331123829252",
    "from": {
      "id": 500537532,
      "is_bot": false,
      "first_name": "Евгений",
      "username": "northmule",
      "language_code": "ru"
    },
    "message": {
      "message_id": 36,
      "from": {
        "id": 828472701,
        "is_bot": true,
        "first_name": "АнтиспамБот",
        "username": "akismetBot"
      },
      "chat": {
        "id": -1001421051123,
        "title": "Is Programmer",
        "username": "isProgrammer1",
        "type": "supergroup"
      },
      "date": 1606920816,
      "text": "Привет! Жанна! Скажи, кто ты?",
      "reply_markup": {
        "inline_keyboard": [
          [
            {
              "text": "Я бот!",
              "callback_data": "callback_answer_bot"
            },
            {
              "text": "Я человек!",
              "callback_data": "callback_answer_human"
            }
          ]
        ]
      }
    },
    "chat_instance": "-4985393030296315132",
    "data": "callback_answer_human500537532"
  }
}
2020-12-04T13:05:01+00:00 INFO (6): Telegram данные: {
  "update_id": 606011966,
  "callback_query": {
    "id": "2149792331123829252",
    "from": {
      "id": 500537532,
      "is_bot": false,
      "first_name": "Евгений",
      "username": "northmule",
      "language_code": "ru"
    },
    "message": {
      "message_id": 36,
      "from": {
        "id": 828472701,
        "is_bot": true,
        "first_name": "АнтиспамБот",
        "username": "akismetBot"
      },
      "chat": {
        "id": -1001421051123,
        "title": "Is Programmer",
        "username": "isProgrammer1",
        "type": "supergroup"
      },
      "date": 1606920816,
      "text": "Привет! Жанна! Скажи, кто ты?",
      "reply_markup": {
        "inline_keyboard": [
          [
            {
              "text": "Я бот!",
              "callback_data": "callback_answer_bot"
            },
            {
              "text": "Я человек!",
              "callback_data": "callback_answer_human"
            }
          ]
        ]
      }
    },
    "chat_instance": "-4985393030296315132",
    "data": "callback_answer_human500537532"
  }
}
2020-12-04T13:07:46+00:00 INFO (6): Telegram данные: {
  "update_id": 606011966,
  "callback_query": {
    "id": "2149792331123829252",
    "from": {
      "id": 500537532,
      "is_bot": false,
      "first_name": "Евгений",
      "username": "northmule",
      "language_code": "ru"
    },
    "message": {
      "message_id": 36,
      "from": {
        "id": 828472701,
        "is_bot": true,
        "first_name": "АнтиспамБот",
        "username": "akismetBot"
      },
      "chat": {
        "id": -1001421051123,
        "title": "Is Programmer",
        "username": "isProgrammer1",
        "type": "supergroup"
      },
      "date": 1606920816,
      "text": "Привет! Жанна! Скажи, кто ты?",
      "reply_markup": {
        "inline_keyboard": [
          [
            {
              "text": "Я бот!",
              "callback_data": "callback_answer_bot"
            },
            {
              "text": "Я человек!",
              "callback_data": "callback_answer_human"
            }
          ]
        ]
      }
    },
    "chat_instance": "-4985393030296315132",
    "data": "callback_answer_human500537532"
  }
}
2020-12-04T13:08:30+00:00 INFO (6): Telegram данные: {
  "update_id": 606011966,
  "callback_query": {
    "id": "2149792331123829252",
    "from": {
      "id": 500537532,
      "is_bot": false,
      "first_name": "Евгений",
      "username": "northmule",
      "language_code": "ru"
    },
    "message": {
      "message_id": 36,
      "from": {
        "id": 828472701,
        "is_bot": true,
        "first_name": "АнтиспамБот",
        "username": "akismetBot"
      },
      "chat": {
        "id": -1001421051123,
        "title": "Is Programmer",
        "username": "isProgrammer1",
        "type": "supergroup"
      },
      "date": 1606920816,
      "text": "Привет! Жанна! Скажи, кто ты?",
      "reply_markup": {
        "inline_keyboard": [
          [
            {
              "text": "Я бот!",
              "callback_data": "callback_answer_bot"
            },
            {
              "text": "Я человек!",
              "callback_data": "callback_answer_human"
            }
          ]
        ]
      }
    },
    "chat_instance": "-4985393030296315132",
    "data": "callback_answer_human500537532"
  }
}
2020-12-04T15:54:38+00:00 INFO (6): Telegram данные:
2020-12-04T15:57:37+00:00 INFO (6): Telegram данные:
